<?xml version="1.0" encoding="UTF-8"?>
<testng-results ignored="0" total="1" passed="1" failed="0" skipped="0">
  <reporter-output>
  </reporter-output>
  <suite started-at="2022-09-01T12:24:28 IST" name="Suite" finished-at="2022-09-01T12:24:37 IST" duration-ms="9106">
    <groups>
      <group name="cucumber">
        <method signature="AbstractTestNGCucumberTests.runScenario(io.cucumber.testng.PickleWrapper,io.cucumber.testng.FeatureWrapper)[pri:0, instance:runners.PositiveTest@44ebcd03]" name="runScenario" class="io.cucumber.testng.AbstractTestNGCucumberTests"/>
      </group> <!-- cucumber -->
    </groups>
    <test started-at="2022-09-01T12:24:28 IST" name="Test" finished-at="2022-09-01T12:24:37 IST" duration-ms="9106">
      <class name="runners.PositiveTest">
        <test-method is-config="true" signature="setUpClass()[pri:0, instance:runners.PositiveTest@44ebcd03]" started-at="2022-09-01T12:24:28 IST" name="setUpClass" finished-at="2022-09-01T12:24:28 IST" duration-ms="808" status="PASS">
          <reporter-output>
          </reporter-output>
        </test-method> <!-- setUpClass -->
        <test-method signature="runScenario(io.cucumber.testng.PickleWrapper,io.cucumber.testng.FeatureWrapper)[pri:0, instance:runners.PositiveTest@44ebcd03]" started-at="2022-09-01T12:24:28 IST" name="runScenario" description="Runs Cucumber Scenarios" data-provider="scenarios" finished-at="2022-09-01T12:24:36 IST" duration-ms="7837" status="PASS">
          <params>
            <param index="0">
              <value>
                <![CDATA["Validate Search Cars Page"]]>
              </value>
            </param>
            <param index="1">
              <value>
                <![CDATA["Optional[Acceptance testing to validate Search Cars Page is working.]"]]>
              </value>
            </param>
          </params>
          <reporter-output>
          </reporter-output>
        </test-method> <!-- runScenario -->
        <test-method is-config="true" signature="tearDownClass()[pri:0, instance:runners.PositiveTest@44ebcd03]" started-at="2022-09-01T12:24:36 IST" name="tearDownClass" finished-at="2022-09-01T12:24:37 IST" duration-ms="430" status="PASS">
          <reporter-output>
          </reporter-output>
        </test-method> <!-- tearDownClass -->
      </class> <!-- runners.PositiveTest -->
    </test> <!-- Test -->
  </suite> <!-- Suite -->
</testng-results>
